2013/03/23 01:26:47 [error] [exception.CDbException] exception 'CDbException' with message 'CDbConnection failed to open the DB connection: SQLSTATE[28000] [1045] Access denied for user 'yii'@'localhost' (using password: YES)' in Z:\home\osc\framework\db\CDbConnection.php:381
Stack trace:
#0 Z:\home\osc\framework\db\CDbConnection.php(330): CDbConnection->open()
#1 Z:\home\osc\framework\db\CDbConnection.php(308): CDbConnection->setActive(true)
#2 Z:\home\osc\framework\base\CModule.php(387): CDbConnection->init()
#3 Z:\home\osc\framework\base\CModule.php(103): CModule->getComponent('db')
#4 Z:\home\osc\framework\gii\generators\model\ModelCode.php(57): CModule->__get('db')
#5 Z:\home\osc\framework\web\CFormModel.php(39): ModelCode->init()
#6 Z:\home\osc\framework\gii\CCodeGenerator.php(153): CFormModel->__construct()
#7 Z:\home\osc\framework\gii\CCodeGenerator.php(63): CCodeGenerator->prepare()
#8 Z:\home\osc\framework\web\actions\CInlineAction.php(49): CCodeGenerator->actionIndex()
#9 Z:\home\osc\framework\web\CController.php(308): CInlineAction->runWithParams(Array)
#10 Z:\home\osc\framework\web\CController.php(286): CController->runAction(Object(CInlineAction))
#11 Z:\home\osc\framework\web\CController.php(265): CController->runActionWithFilters(Object(CInlineAction), Array)
#12 Z:\home\osc\framework\web\CWebApplication.php(282): CController->run('')
#13 Z:\home\osc\framework\web\CWebApplication.php(141): CWebApplication->runController('gii/model')
#14 Z:\home\osc\framework\base\CApplication.php(169): CWebApplication->processRequest()
#15 Z:\home\yii-shop.in\www\index.php(13): CApplication->run()
#16 {main}
REQUEST_URI=/index.php?r=gii/model
HTTP_REFERER=http://yii-shop.in/index.php?r=gii/model
---
2013/03/23 01:27:26 [error] [system.db.CDbCommand] CDbCommand::fetchAll() failed: SQLSTATE[42S02]: Base table or view not found: 1146 Table 'users.id' doesn't exist. The SQL statement executed was: SHOW FULL COLUMNS FROM `users`.`id`.
in Z:\home\yii-shop.in\www\index.php (13)
2013/03/23 01:35:06 [error] [system.db.CDbCommand] CDbCommand::fetchAll() failed: SQLSTATE[42S02]: Base table or view not found: 1146 Table 'new_site.suzers' doesn't exist. The SQL statement executed was: SHOW FULL COLUMNS FROM `suzers`.
in Z:\home\yii-shop.in\www\index.php (13)
2013/03/23 01:35:20 [error] [system.db.CDbCommand] CDbCommand::fetchAll() failed: SQLSTATE[42S02]: Base table or view not found: 1146 Table 'new_site.uzers' doesn't exist. The SQL statement executed was: SHOW FULL COLUMNS FROM `uzers`.
in Z:\home\yii-shop.in\www\index.php (13)
2013/03/23 01:35:51 [error] [system.db.CDbCommand] CDbCommand::fetchAll() failed: SQLSTATE[42S02]: Base table or view not found: 1146 Table 'new_site.users' doesn't exist. The SQL statement executed was: SHOW FULL COLUMNS FROM `users`.
in Z:\home\yii-shop.in\www\index.php (13)
2013/03/23 01:37:20 [error] [system.db.CDbCommand] CDbCommand::fetchAll() failed: SQLSTATE[42S02]: Base table or view not found: 1146 Table 'new_site.susers' doesn't exist. The SQL statement executed was: SHOW FULL COLUMNS FROM `susers`.
in Z:\home\yii-shop.in\www\index.php (13)
2013/03/23 01:45:08 [error] [exception.CHttpException.404] exception 'CHttpException' with message 'The system is unable to find the requested action "login".' in Z:\home\osc\framework\web\CController.php:483
Stack trace:
#0 Z:\home\osc\framework\web\CController.php(270): CController->missingAction('login')
#1 Z:\home\osc\framework\web\CWebApplication.php(282): CController->run('login')
#2 Z:\home\osc\framework\web\CWebApplication.php(141): CWebApplication->runController('mainPage/login')
#3 Z:\home\osc\framework\base\CApplication.php(169): CWebApplication->processRequest()
#4 Z:\home\yii-shop.in\www\index.php(13): CApplication->run()
#5 {main}
REQUEST_URI=/index.php?r=mainPage/login
---
2013/03/23 01:46:41 [error] [exception.CException] exception 'CException' with message 'MainPageController cannot find the requested view "login".' in Z:\home\osc\framework\web\CController.php:878
Stack trace:
#0 Z:\home\osc\framework\web\CController.php(782): CController->renderPartial('login', Array, true)
#1 Z:\home\yii-shop.in\www\protected\controllers\MainPageController.php(34): CController->render('login', Array)
#2 Z:\home\osc\framework\web\actions\CInlineAction.php(49): MainPageController->actionLogin()
#3 Z:\home\osc\framework\web\CController.php(308): CInlineAction->runWithParams(Array)
#4 Z:\home\osc\framework\web\CController.php(286): CController->runAction(Object(CInlineAction))
#5 Z:\home\osc\framework\web\CController.php(265): CController->runActionWithFilters(Object(CInlineAction), Array)
#6 Z:\home\osc\framework\web\CWebApplication.php(282): CController->run('login')
#7 Z:\home\osc\framework\web\CWebApplication.php(141): CWebApplication->runController('mainPage/login')
#8 Z:\home\osc\framework\base\CApplication.php(169): CWebApplication->processRequest()
#9 Z:\home\yii-shop.in\www\index.php(13): CApplication->run()
#10 {main}
REQUEST_URI=/index.php?r=mainPage/login
---
2013/03/23 01:47:21 [error] [exception.CException] exception 'CException' with message 'MainPageController cannot find the requested view "user/login".' in Z:\home\osc\framework\web\CController.php:878
Stack trace:
#0 Z:\home\osc\framework\web\CController.php(782): CController->renderPartial('user/login', Array, true)
#1 Z:\home\yii-shop.in\www\protected\controllers\MainPageController.php(33): CController->render('user/login', Array)
#2 Z:\home\osc\framework\web\actions\CInlineAction.php(49): MainPageController->actionLogin()
#3 Z:\home\osc\framework\web\CController.php(308): CInlineAction->runWithParams(Array)
#4 Z:\home\osc\framework\web\CController.php(286): CController->runAction(Object(CInlineAction))
#5 Z:\home\osc\framework\web\CController.php(265): CController->runActionWithFilters(Object(CInlineAction), Array)
#6 Z:\home\osc\framework\web\CWebApplication.php(282): CController->run('login')
#7 Z:\home\osc\framework\web\CWebApplication.php(141): CWebApplication->runController('mainPage/login')
#8 Z:\home\osc\framework\base\CApplication.php(169): CWebApplication->processRequest()
#9 Z:\home\yii-shop.in\www\index.php(13): CApplication->run()
#10 {main}
REQUEST_URI=/index.php?r=mainPage/login
---
2013/03/23 01:47:24 [error] [exception.CException] exception 'CException' with message 'MainPageController cannot find the requested view "user/login".' in Z:\home\osc\framework\web\CController.php:878
Stack trace:
#0 Z:\home\osc\framework\web\CController.php(782): CController->renderPartial('user/login', Array, true)
#1 Z:\home\yii-shop.in\www\protected\controllers\MainPageController.php(33): CController->render('user/login', Array)
#2 Z:\home\osc\framework\web\actions\CInlineAction.php(49): MainPageController->actionLogin()
#3 Z:\home\osc\framework\web\CController.php(308): CInlineAction->runWithParams(Array)
#4 Z:\home\osc\framework\web\CController.php(286): CController->runAction(Object(CInlineAction))
#5 Z:\home\osc\framework\web\CController.php(265): CController->runActionWithFilters(Object(CInlineAction), Array)
#6 Z:\home\osc\framework\web\CWebApplication.php(282): CController->run('login')
#7 Z:\home\osc\framework\web\CWebApplication.php(141): CWebApplication->runController('mainPage/login')
#8 Z:\home\osc\framework\base\CApplication.php(169): CWebApplication->processRequest()
#9 Z:\home\yii-shop.in\www\index.php(13): CApplication->run()
#10 {main}
REQUEST_URI=/index.php?r=mainPage/login
---
2013/03/23 01:47:26 [error] [exception.CException] exception 'CException' with message 'MainPageController cannot find the requested view "user/login".' in Z:\home\osc\framework\web\CController.php:878
Stack trace:
#0 Z:\home\osc\framework\web\CController.php(782): CController->renderPartial('user/login', Array, true)
#1 Z:\home\yii-shop.in\www\protected\controllers\MainPageController.php(33): CController->render('user/login', Array)
#2 Z:\home\osc\framework\web\actions\CInlineAction.php(49): MainPageController->actionLogin()
#3 Z:\home\osc\framework\web\CController.php(308): CInlineAction->runWithParams(Array)
#4 Z:\home\osc\framework\web\CController.php(286): CController->runAction(Object(CInlineAction))
#5 Z:\home\osc\framework\web\CController.php(265): CController->runActionWithFilters(Object(CInlineAction), Array)
#6 Z:\home\osc\framework\web\CWebApplication.php(282): CController->run('login')
#7 Z:\home\osc\framework\web\CWebApplication.php(141): CWebApplication->runController('mainPage/login')
#8 Z:\home\osc\framework\base\CApplication.php(169): CWebApplication->processRequest()
#9 Z:\home\yii-shop.in\www\index.php(13): CApplication->run()
#10 {main}
REQUEST_URI=/index.php?r=mainPage/login
---
2013/03/23 01:47:26 [error] [exception.CException] exception 'CException' with message 'MainPageController cannot find the requested view "user/login".' in Z:\home\osc\framework\web\CController.php:878
Stack trace:
#0 Z:\home\osc\framework\web\CController.php(782): CController->renderPartial('user/login', Array, true)
#1 Z:\home\yii-shop.in\www\protected\controllers\MainPageController.php(33): CController->render('user/login', Array)
#2 Z:\home\osc\framework\web\actions\CInlineAction.php(49): MainPageController->actionLogin()
#3 Z:\home\osc\framework\web\CController.php(308): CInlineAction->runWithParams(Array)
#4 Z:\home\osc\framework\web\CController.php(286): CController->runAction(Object(CInlineAction))
#5 Z:\home\osc\framework\web\CController.php(265): CController->runActionWithFilters(Object(CInlineAction), Array)
#6 Z:\home\osc\framework\web\CWebApplication.php(282): CController->run('login')
#7 Z:\home\osc\framework\web\CWebApplication.php(141): CWebApplication->runController('mainPage/login')
#8 Z:\home\osc\framework\base\CApplication.php(169): CWebApplication->processRequest()
#9 Z:\home\yii-shop.in\www\index.php(13): CApplication->run()
#10 {main}
REQUEST_URI=/index.php?r=mainPage/login
---
2013/03/23 01:47:26 [error] [exception.CException] exception 'CException' with message 'MainPageController cannot find the requested view "user/login".' in Z:\home\osc\framework\web\CController.php:878
Stack trace:
#0 Z:\home\osc\framework\web\CController.php(782): CController->renderPartial('user/login', Array, true)
#1 Z:\home\yii-shop.in\www\protected\controllers\MainPageController.php(33): CController->render('user/login', Array)
#2 Z:\home\osc\framework\web\actions\CInlineAction.php(49): MainPageController->actionLogin()
#3 Z:\home\osc\framework\web\CController.php(308): CInlineAction->runWithParams(Array)
#4 Z:\home\osc\framework\web\CController.php(286): CController->runAction(Object(CInlineAction))
#5 Z:\home\osc\framework\web\CController.php(265): CController->runActionWithFilters(Object(CInlineAction), Array)
#6 Z:\home\osc\framework\web\CWebApplication.php(282): CController->run('login')
#7 Z:\home\osc\framework\web\CWebApplication.php(141): CWebApplication->runController('mainPage/login')
#8 Z:\home\osc\framework\base\CApplication.php(169): CWebApplication->processRequest()
#9 Z:\home\yii-shop.in\www\index.php(13): CApplication->run()
#10 {main}
REQUEST_URI=/index.php?r=mainPage/login
---
2013/03/23 01:48:05 [error] [exception.CException] exception 'CException' with message 'MainPageController cannot find the requested view "user/login".' in Z:\home\osc\framework\web\CController.php:878
Stack trace:
#0 Z:\home\osc\framework\web\CController.php(782): CController->renderPartial('user/login', Array, true)
#1 Z:\home\yii-shop.in\www\protected\controllers\MainPageController.php(33): CController->render('user/login', Array)
#2 Z:\home\osc\framework\web\actions\CInlineAction.php(49): MainPageController->actionLogin()
#3 Z:\home\osc\framework\web\CController.php(308): CInlineAction->runWithParams(Array)
#4 Z:\home\osc\framework\web\CController.php(286): CController->runAction(Object(CInlineAction))
#5 Z:\home\osc\framework\web\CController.php(265): CController->runActionWithFilters(Object(CInlineAction), Array)
#6 Z:\home\osc\framework\web\CWebApplication.php(282): CController->run('login')
#7 Z:\home\osc\framework\web\CWebApplication.php(141): CWebApplication->runController('mainPage/login')
#8 Z:\home\osc\framework\base\CApplication.php(169): CWebApplication->processRequest()
#9 Z:\home\yii-shop.in\www\index.php(13): CApplication->run()
#10 {main}
REQUEST_URI=/index.php?r=mainPage/login
---
2013/03/23 01:48:06 [error] [exception.CException] exception 'CException' with message 'MainPageController cannot find the requested view "user/login".' in Z:\home\osc\framework\web\CController.php:878
Stack trace:
#0 Z:\home\osc\framework\web\CController.php(782): CController->renderPartial('user/login', Array, true)
#1 Z:\home\yii-shop.in\www\protected\controllers\MainPageController.php(33): CController->render('user/login', Array)
#2 Z:\home\osc\framework\web\actions\CInlineAction.php(49): MainPageController->actionLogin()
#3 Z:\home\osc\framework\web\CController.php(308): CInlineAction->runWithParams(Array)
#4 Z:\home\osc\framework\web\CController.php(286): CController->runAction(Object(CInlineAction))
#5 Z:\home\osc\framework\web\CController.php(265): CController->runActionWithFilters(Object(CInlineAction), Array)
#6 Z:\home\osc\framework\web\CWebApplication.php(282): CController->run('login')
#7 Z:\home\osc\framework\web\CWebApplication.php(141): CWebApplication->runController('mainPage/login')
#8 Z:\home\osc\framework\base\CApplication.php(169): CWebApplication->processRequest()
#9 Z:\home\yii-shop.in\www\index.php(13): CApplication->run()
#10 {main}
REQUEST_URI=/index.php?r=mainPage/login
---
2013/03/23 01:48:07 [error] [exception.CException] exception 'CException' with message 'MainPageController cannot find the requested view "user/login".' in Z:\home\osc\framework\web\CController.php:878
Stack trace:
#0 Z:\home\osc\framework\web\CController.php(782): CController->renderPartial('user/login', Array, true)
#1 Z:\home\yii-shop.in\www\protected\controllers\MainPageController.php(33): CController->render('user/login', Array)
#2 Z:\home\osc\framework\web\actions\CInlineAction.php(49): MainPageController->actionLogin()
#3 Z:\home\osc\framework\web\CController.php(308): CInlineAction->runWithParams(Array)
#4 Z:\home\osc\framework\web\CController.php(286): CController->runAction(Object(CInlineAction))
#5 Z:\home\osc\framework\web\CController.php(265): CController->runActionWithFilters(Object(CInlineAction), Array)
#6 Z:\home\osc\framework\web\CWebApplication.php(282): CController->run('login')
#7 Z:\home\osc\framework\web\CWebApplication.php(141): CWebApplication->runController('mainPage/login')
#8 Z:\home\osc\framework\base\CApplication.php(169): CWebApplication->processRequest()
#9 Z:\home\yii-shop.in\www\index.php(13): CApplication->run()
#10 {main}
REQUEST_URI=/index.php?r=mainPage/login
---
2013/03/23 01:48:07 [error] [exception.CException] exception 'CException' with message 'MainPageController cannot find the requested view "user/login".' in Z:\home\osc\framework\web\CController.php:878
Stack trace:
#0 Z:\home\osc\framework\web\CController.php(782): CController->renderPartial('user/login', Array, true)
#1 Z:\home\yii-shop.in\www\protected\controllers\MainPageController.php(33): CController->render('user/login', Array)
#2 Z:\home\osc\framework\web\actions\CInlineAction.php(49): MainPageController->actionLogin()
#3 Z:\home\osc\framework\web\CController.php(308): CInlineAction->runWithParams(Array)
#4 Z:\home\osc\framework\web\CController.php(286): CController->runAction(Object(CInlineAction))
#5 Z:\home\osc\framework\web\CController.php(265): CController->runActionWithFilters(Object(CInlineAction), Array)
#6 Z:\home\osc\framework\web\CWebApplication.php(282): CController->run('login')
#7 Z:\home\osc\framework\web\CWebApplication.php(141): CWebApplication->runController('mainPage/login')
#8 Z:\home\osc\framework\base\CApplication.php(169): CWebApplication->processRequest()
#9 Z:\home\yii-shop.in\www\index.php(13): CApplication->run()
#10 {main}
REQUEST_URI=/index.php?r=mainPage/login
---
2013/03/23 03:15:33 [error] [system.db.CDbCommand] CDbCommand::fetch() failed: SQLSTATE[42000]: Syntax error or access violation: 1064 You have an error in your SQL syntax; check the manual that corresponds to your MySQL server version for the right syntax to use near ':=login LIMIT 1' at line 1. The SQL statement executed was: SELECT password FROM `users` `t` WHERE login:=login LIMIT 1.
in Z:\home\yii-shop.in\www\protected\models\Users.php (151)
in Z:\home\yii-shop.in\www\protected\models\Users.php (133)
in Z:\home\yii-shop.in\www\protected\controllers\MainPageController.php (29)
2013/03/23 03:15:33 [error] [exception.CDbException] exception 'CDbException' with message 'CDbCommand failed to execute the SQL statement: SQLSTATE[42000]: Syntax error or access violation: 1064 You have an error in your SQL syntax; check the manual that corresponds to your MySQL server version for the right syntax to use near ':=login LIMIT 1' at line 1. The SQL statement executed was: SELECT password FROM `users` `t` WHERE login:=login LIMIT 1' in Z:\home\osc\framework\db\CDbCommand.php:541
Stack trace:
#0 Z:\home\osc\framework\db\CDbCommand.php(414): CDbCommand->queryInternal('fetch', Array, Array)
#1 Z:\home\osc\framework\db\ar\CActiveRecord.php(1297): CDbCommand->queryRow()
#2 Z:\home\osc\framework\db\ar\CActiveRecord.php(1402): CActiveRecord->query(Object(CDbCriteria))
#3 Z:\home\yii-shop.in\www\protected\models\Users.php(151): CActiveRecord->find(Object(CDbCriteria))
#4 Z:\home\yii-shop.in\www\protected\models\Users.php(133): Users->checkPass('hlogeon')
#5 Z:\home\yii-shop.in\www\protected\controllers\MainPageController.php(29): Users->login(Array)
#6 Z:\home\osc\framework\web\actions\CInlineAction.php(49): MainPageController->actionLogin()
#7 Z:\home\osc\framework\web\CController.php(308): CInlineAction->runWithParams(Array)
#8 Z:\home\osc\framework\web\CController.php(286): CController->runAction(Object(CInlineAction))
#9 Z:\home\osc\framework\web\CController.php(265): CController->runActionWithFilters(Object(CInlineAction), Array)
#10 Z:\home\osc\framework\web\CWebApplication.php(282): CController->run('login')
#11 Z:\home\osc\framework\web\CWebApplication.php(141): CWebApplication->runController('mainPage/login')
#12 Z:\home\osc\framework\base\CApplication.php(169): CWebApplication->processRequest()
#13 Z:\home\yii-shop.in\www\index.php(13): CApplication->run()
#14 {main}
REQUEST_URI=/index.php?r=mainPage/login
HTTP_REFERER=http://yii-shop.in/index.php?r=mainPage/login
---
